<?xml version="1.0" encoding="UTF-8"?>
<testsuite xmlns:xsi="http://www.w3.org/2001/XMLSchema-instance" xsi:noNamespaceSchemaLocation="https://maven.apache.org/surefire/maven-surefire-plugin/xsd/surefire-test-report-3.0.xsd" version="3.0" name="com.paymentgateway.gateway.config.ApiKeyResolverTest" time="0.584" tests="2" errors="0" skipped="0" failures="0">
  <properties>
[...]
</properties>
  <testcase name="shouldResolveAnonymousKeyWhenHeaderIsMissing" classname="com.paymentgateway.gateway.config.ApiKeyResolverTest" time="0.551"/>
  <testcase name="shouldResolveApiKeyFromXApiKeyHeader" classname="com.paymentgateway.gateway.config.ApiKeyResolverTest" time="0.005"/>
</testsuite>