<?xml version="1.0" encoding="UTF-8"?>
<testsuite xmlns:xsi="http://www.w3.org/2001/XMLSchema-instance" xsi:noNamespaceSchemaLocation="https://maven.apache.org/surefire/maven-surefire-plugin/xsd/surefire-test-report-3.0.xsd" version="3.0" name="com.paymentgateway.auth.controller.AuthControllerTest" time="13.523" tests="4" errors="0" skipped="0" failures="0">
  <properties>
[...]
</properties>
  <testcase name="shouldLoginSuccessfullyAndReturnJwt" classname="com.paymentgateway.auth.controller.AuthControllerTest" time="1.985">
    <system-out><![CDATA[17:18:23.890 [main] INFO org.springframework.test.context.support.AnnotationConfigContextLoaderUtils -- Could not detect default configuration classes for test class [com.paymentgateway.auth.controller.AuthControllerTest]: AuthControllerTest does not declare any static, non-private, non-final, nested classes annotated with @Configuration.
17:18:24.171 [main] INFO org.springframework.boot.test.context.SpringBootTestContextBootstrapper -- Found @SpringBootConfiguration com.paymentgateway.auth.AuthServiceApplication for test class com.paymentgateway.auth.controller.AuthControllerTest

  .   ____          _            __ _ _
 /\\ / ___'_ __ _ _(_)_ __  __ _ \ \ \ \
( ( )\___ | '_ | '_| | '_ \/ _` | \ \ \ \
 \\/  ___)| |_)| | | | | || (_| |  ) ) ) )
  '  |____| .__|_| |_|_| |_\__, | / / / /
 =========|_|==============|___/=/_/_/_/
 :: Spring Boot ::                (v3.2.3)

2026-08-31T17:18:25.206-03:00  INFO 18615 --- [           main] c.p.auth.controller.AuthControllerTest   : Starting AuthControllerTest using Java 21.0.12 with PID 18615 (started by aylan in /home/aylan/.gemini/antigravity/scratch/payment-gateway-engine/auth-service)
2026-08-31T17:18:25.208-03:00  INFO 18615 --- [           main] c.p.auth.controller.AuthControllerTest   : No active profile set, falling back to 1 default profile: "default"
2026-08-31T17:18:26.943-03:00  INFO 18615 --- [           main] .s.d.r.c.RepositoryConfigurationDelegate : Bootstrapping Spring Data JPA repositories in DEFAULT mode.
2026-08-31T17:18:27.050-03:00  INFO 18615 --- [           main] .s.d.r.c.RepositoryConfigurationDelegate : Finished Spring Data repository scanning in 98 ms. Found 1 JPA repository interface.
2026-08-31T17:18:28.180-03:00  INFO 18615 --- [           main] com.zaxxer.hikari.HikariDataSource       : HikariPool-1 - Starting...
2026-08-31T17:18:28.633-03:00  INFO 18615 --- [           main] com.zaxxer.hikari.pool.HikariPool        : HikariPool-1 - Added connection conn0: url=jdbc:h2:mem:testdb user=SA
2026-08-31T17:18:28.636-03:00  INFO 18615 --- [           main] com.zaxxer.hikari.HikariDataSource       : HikariPool-1 - Start completed.
2026-08-31T17:18:28.826-03:00  INFO 18615 --- [           main] o.f.c.internal.license.VersionPrinter    : Flyway Community Edition 9.22.3 by Redgate
2026-08-31T17:18:28.827-03:00  INFO 18615 --- [           main] o.f.c.internal.license.VersionPrinter    : See release notes here: https://rd.gt/416ObMi
2026-08-31T17:18:28.827-03:00  INFO 18615 --- [           main] o.f.c.internal.license.VersionPrinter    : 
2026-08-31T17:18:28.936-03:00  INFO 18615 --- [           main] org.flywaydb.core.FlywayExecutor         : Database: jdbc:h2:mem:testdb (H2 2.2)
2026-08-31T17:18:28.992-03:00  WARN 18615 --- [           main] o.f.c.internal.database.base.Database    : Flyway upgrade recommended: H2 2.2.224 is newer than this version of Flyway and support has not been tested. The latest supported version of H2 is 2.2.220.
2026-08-31T17:18:29.048-03:00  INFO 18615 --- [           main] o.f.c.i.s.JdbcTableSchemaHistory         : Schema history table "PUBLIC"."flyway_schema_history" does not exist yet
2026-08-31T17:18:29.059-03:00  INFO 18615 --- [           main] o.f.core.internal.command.DbValidate     : Successfully validated 1 migration (execution time 00:00.036s)
2026-08-31T17:18:29.078-03:00  INFO 18615 --- [           main] o.f.c.i.s.JdbcTableSchemaHistory         : Creating Schema History table "PUBLIC"."flyway_schema_history" ...
2026-08-31T17:18:29.153-03:00  INFO 18615 --- [           main] o.f.core.internal.command.DbMigrate      : Current version of schema "PUBLIC": << Empty Schema >>
2026-08-31T17:18:29.161-03:00  INFO 18615 --- [           main] o.f.core.internal.command.DbMigrate      : Migrating schema "PUBLIC" to version "1 - create merchants table"
2026-08-31T17:18:29.186-03:00  INFO 18615 --- [           main] o.f.core.internal.command.DbMigrate      : Successfully applied 1 migration to schema "PUBLIC", now at version v1 (execution time 00:00.004s)
2026-08-31T17:18:29.402-03:00  INFO 18615 --- [           main] o.hibernate.jpa.internal.util.LogHelper  : HHH000204: Processing PersistenceUnitInfo [name: default]
2026-08-31T17:18:29.517-03:00  INFO 18615 --- [           main] org.hibernate.Version                    : HHH000412: Hibernate ORM core version 6.4.4.Final
2026-08-31T17:18:29.599-03:00  INFO 18615 --- [           main] o.h.c.internal.RegionFactoryInitiator    : HHH000026: Second-level cache disabled
2026-08-31T17:18:30.383-03:00  INFO 18615 --- [           main] o.s.o.j.p.SpringPersistenceUnitInfo      : No LoadTimeWeaver setup: ignoring JPA class transformer
2026-08-31T17:18:30.510-03:00  WARN 18615 --- [           main] org.hibernate.orm.deprecation            : HHH90000025: H2Dialect does not need to be specified explicitly using 'hibernate.dialect' (remove the property setting and it will be selected by default)
2026-08-31T17:18:32.125-03:00  INFO 18615 --- [           main] o.h.e.t.j.p.i.JtaPlatformInitiator       : HHH000489: No JTA platform available (set 'hibernate.transaction.jta.platform' to enable JTA platform integration)
2026-08-31T17:18:32.171-03:00  INFO 18615 --- [           main] j.LocalContainerEntityManagerFactoryBean : Initialized JPA EntityManagerFactory for persistence unit 'default'
2026-08-31T17:18:32.947-03:00  WARN 18615 --- [           main] JpaBaseConfiguration$JpaWebConfiguration : spring.jpa.open-in-view is enabled by default. Therefore, database queries may be performed during view rendering. Explicitly configure spring.jpa.open-in-view to disable this warning
2026-08-31T17:18:33.588-03:00  INFO 18615 --- [           main] o.s.s.web.DefaultSecurityFilterChain     : Will secure any request with [org.springframework.security.web.session.DisableEncodeUrlFilter@3d96b8fb, org.springframework.security.web.context.request.async.WebAsyncManagerIntegrationFilter@1d208795, org.springframework.security.web.context.SecurityContextHolderFilter@40c92dfa, org.springframework.security.web.header.HeaderWriterFilter@69c335c4, org.springframework.web.filter.CorsFilter@2f006edf, org.springframework.security.web.authentication.logout.LogoutFilter@7325b786, org.springframework.security.web.savedrequest.RequestCacheAwareFilter@379df603, org.springframework.security.web.servletapi.SecurityContextHolderAwareRequestFilter@58fb5b8f, org.springframework.security.web.authentication.AnonymousAuthenticationFilter@20843604, org.springframework.security.web.session.SessionManagementFilter@1a598e30, org.springframework.security.web.access.ExceptionTranslationFilter@69af938b, org.springframework.security.web.access.intercept.AuthorizationFilter@29612ee2]
2026-08-31T17:18:34.316-03:00  INFO 18615 --- [           main] o.s.b.t.m.w.SpringBootMockServletContext : Initializing Spring TestDispatcherServlet ''
2026-08-31T17:18:34.317-03:00  INFO 18615 --- [           main] o.s.t.web.servlet.TestDispatcherServlet  : Initializing Servlet ''
2026-08-31T17:18:34.320-03:00  INFO 18615 --- [           main] o.s.t.web.servlet.TestDispatcherServlet  : Completed initialization in 3 ms
2026-08-31T17:18:34.380-03:00  INFO 18615 --- [           main] c.p.auth.controller.AuthControllerTest   : Started AuthControllerTest in 9.762 seconds (process running for 11.751)
]]></system-out>
    <system-err><![CDATA[WARNING: A Java agent has been loaded dynamically (/home/aylan/.m2/repository/net/bytebuddy/byte-buddy-agent/1.14.12/byte-buddy-agent-1.14.12.jar)
WARNING: If a serviceability tool is in use, please run with -XX:+EnableDynamicAgentLoading to hide this warning
WARNING: If a serviceability tool is not in use, please run with -Djdk.instrument.traceUsage for more information
WARNING: Dynamic loading of agents will be disallowed by default in a future release
]]></system-err>
  </testcase>
  <testcase name="shouldFailLoginWithIncorrectPassword" classname="com.paymentgateway.auth.controller.AuthControllerTest" time="0.279"/>
  <testcase name="shouldRefreshTokenSuccessfully" classname="com.paymentgateway.auth.controller.AuthControllerTest" time="0.178"/>
  <testcase name="shouldRegisterNewMerchant" classname="com.paymentgateway.auth.controller.AuthControllerTest" time="0.192"/>
</testsuite>