-------------------------------------------------------------------------------
Test set: com.paymentgateway.worker.service.S3ReceiptServiceTest
-------------------------------------------------------------------------------
Tests run: 1, Failures: 1, Errors: 0, Skipped: 0, Time elapsed: 2.703 s <<< FAILURE! -- in com.paymentgateway.worker.service.S3ReceiptServiceTest
com.paymentgateway.worker.service.S3ReceiptServiceTest.shouldUploadReceiptToS3 -- Time elapsed: 2.596 s <<< FAILURE!
org.opentest4j.AssertionFailedError: expected: <payment-receipts-bucket> but was: <null>
	at org.junit.jupiter.api.AssertionFailureBuilder.build(AssertionFailureBuilder.java:151)
	at org.junit.jupiter.api.AssertionFailureBuilder.buildAndThrow(AssertionFailureBuilder.java:132)
	at org.junit.jupiter.api.AssertEquals.failNotEqual(AssertEquals.java:197)
	at org.junit.jupiter.api.AssertEquals.assertEquals(AssertEquals.java:182)
	at org.junit.jupiter.api.AssertEquals.assertEquals(AssertEquals.java:177)
	at org.junit.jupiter.api.Assertions.assertEquals(Assertions.java:1145)
	at com.paymentgateway.worker.service.S3ReceiptServiceTest.shouldUploadReceiptToS3(S3ReceiptServiceTest.java:39)
	at java.base/java.lang.reflect.Method.invoke(Method.java:580)
	at java.base/java.util.ArrayList.forEach(ArrayList.java:1596)
	at java.base/java.util.ArrayList.forEach(ArrayList.java:1596)

